<?xml version="1.0" encoding="UTF-8"?>
<!-- Generated by org.testng.reporters.JUnitXMLReporter -->
<testsuite ignored="0" hostname="DESKTOP-TVD3PQE" failures="0" tests="2" name="Default test" time="47.655" errors="0" timestamp="2022-12-29T08:59:39 IST">
  <testcase classname="vTiger.ContactsTests.CreateContactWithOrganization" name="DemoTest" time="0.006"/>
  <testcase classname="vTiger.ContactsTests.CreateContactWithOrganization" name="createContactWithOrgTest" time="21.991"/>
</testsuite> <!-- Default test -->
